{"ts":"2025-10-10T16:54:48.374Z","err":"self-signed certificate in certificate chain"}
{"ts":"2025-10-10T17:12:26.177Z","err":"sendMail failed","code":"ESOCKET","msg":"self-signed certificate in certificate chain"}
{"ts":"2025-10-10T17:19:05.246Z","err":"sendMail failed","code":"ESOCKET","msg":"self-signed certificate in certificate chain"}
{"ts":"2025-10-10T17:19:09.139Z","err":"sendMail failed","code":"ESOCKET","msg":"self-signed certificate in certificate chain"}
{"ts":"2025-10-10T17:19:46.314Z","err":"sendMail failed","code":"ESOCKET","msg":"self-signed certificate in certificate chain"}
{"ts":"2025-10-10T17:25:21.510Z","err":"sendMail failed (retry)","code":"ESOCKET","msg":"self-signed certificate in certificate chain"}
{"ts":"2025-10-10T17:36:30.521Z","err":"sendMail failed (retry)","code":"ESOCKET","msg":"self-signed certificate in certificate chain"}
{"ts":"2025-10-10T17:41:55.213Z","err":"sendMail failed (retry)","code":"ESOCKET","msg":"self-signed certificate in certificate chain"}
{"ts":"2025-10-10T17:43:29.343Z","err":"sendMail failed (retry)","code":"ESOCKET","msg":"self-signed certificate in certificate chain"}
{"ts":"2025-10-10T17:43:29.345Z","ip":"","name":"Michael Atee","email":"ateemichael@yahoo.com","subject":"Test","note":"dry_run_after_retry","ok":true}
{"ts":"2025-10-10T18:31:04.630Z","err":"sendMail failed (retry)","code":"ESOCKET","msg":"self-signed certificate in certificate chain"}
{"ts":"2025-10-10T18:31:04.632Z","ip":"","name":"Michael Atee","email":"ateemichael@yahoo.com","subject":"Test","note":"dry_run_after_retry","ok":true}
{"ts":"2025-10-10T18:36:56.033Z","err":"sendMail failed (retry)","code":"ESOCKET","msg":"self-signed certificate in certificate chain"}
{"ts":"2025-10-10T18:36:56.034Z","ip":"","name":"Michael Atee","email":"ateemichael@yahoo.com","subject":"Test","note":"dry_run_after_retry","ok":true}
{"ts":"2025-10-10T19:47:09.207Z","err":"sendMail failed (retry)","code":"ESOCKET","msg":"self-signed certificate in certificate chain"}
{"ts":"2025-10-10T19:47:09.209Z","ip":"","name":"Michael Atee","email":"ateemichael@yahoo.com","subject":"Test","note":"dry_run_after_retry","ok":true}
{"ts":"2025-10-10T19:59:45.034Z","err":"sendMail failed (retry)","code":"ESOCKET","msg":"self-signed certificate in certificate chain"}
{"ts":"2025-10-10T20:00:20.235Z","err":"sendMail failed (retry)","code":"ESOCKET","msg":"self-signed certificate in certificate chain"}
{"ts":"2025-10-10T20:04:23.184Z","err":"sendMail failed (retry)","code":"ESOCKET","msg":"self-signed certificate in certificate chain"}
{"ts":"2025-10-10T20:05:18.764Z","err":"sendMail failed (retry)","code":"ESOCKET","msg":"self-signed certificate in certificate chain"}
{"ts":"2025-10-10T20:07:21.299Z","err":"sendMail failed (retry)","code":"ESOCKET","msg":"self-signed certificate in certificate chain"}
{"ts":"2025-10-10T20:17:59.164Z","err":"sendMail failed (retry)","code":"ESOCKET","msg":"self-signed certificate in certificate chain"}
{"ts":"2025-10-10T20:39:31.144Z","ip":"","name":"Michael Atee","email":"ateemichael@yahoo.com","subject":"Help","ok":true}
{"ts":"2025-10-10T20:55:59.625Z","ip":"","name":"Michael Atee","email":"ateemichael@yahoo.com","subject":"Test","ok":true}
